{"/Users/jesseikolobondenge/Documents/GitHub/Mboa Events/server/controllers/user.controller.js": {"path":"/Users/jesseikolobondenge/Documents/GitHub/Mboa Events/server/controllers/user.controller.js","statementMap":{"0":{"start":{"line":2,"column":13},"end":{"line":2,"column":47}},"1":{"start":{"line":3,"column":15},"end":{"line":3,"column":34}},"2":{"start":{"line":4,"column":12},"end":{"line":4,"column":35}},"3":{"start":{"line":5,"column":15},"end":{"line":5,"column":32}},"4":{"start":{"line":6,"column":24},"end":{"line":6,"column":61}},"5":{"start":{"line":13,"column":4},"end":{"line":13,"column":43}},"6":{"start":{"line":16,"column":17},"end":{"line":16,"column":19}},"7":{"start":{"line":17,"column":2},"end":{"line":17,"column":78}},"8":{"start":{"line":17,"column":27},"end":{"line":17,"column":78}},"9":{"start":{"line":18,"column":2},"end":{"line":18,"column":90}},"10":{"start":{"line":18,"column":31},"end":{"line":18,"column":90}},"11":{"start":{"line":19,"column":2},"end":{"line":19,"column":90}},"12":{"start":{"line":19,"column":31},"end":{"line":19,"column":90}},"13":{"start":{"line":20,"column":2},"end":{"line":20,"column":80}},"14":{"start":{"line":20,"column":31},"end":{"line":20,"column":80}},"15":{"start":{"line":21,"column":2},"end":{"line":21,"column":16}},"16":{"start":{"line":24,"column":17},"end":{"line":61,"column":1}},"17":{"start":{"line":25,"column":68},"end":{"line":25,"column":76}},"18":{"start":{"line":26,"column":2},"end":{"line":60,"column":3}},"19":{"start":{"line":27,"column":27},"end":{"line":27,"column":53}},"20":{"start":{"line":28,"column":4},"end":{"line":30,"column":5}},"21":{"start":{"line":29,"column":6},"end":{"line":29,"column":107}},"22":{"start":{"line":32,"column":25},"end":{"line":32,"column":90}},"23":{"start":{"line":33,"column":4},"end":{"line":33,"column":117}},"24":{"start":{"line":33,"column":22},"end":{"line":33,"column":117}},"25":{"start":{"line":35,"column":27},"end":{"line":35,"column":58}},"26":{"start":{"line":36,"column":16},"end":{"line":36,"column":29}},"27":{"start":{"line":37,"column":23},"end":{"line":37,"column":60}},"28":{"start":{"line":38,"column":23},"end":{"line":38,"column":61}},"29":{"start":{"line":40,"column":20},"end":{"line":43,"column":6}},"30":{"start":{"line":45,"column":4},"end":{"line":45,"column":25}},"31":{"start":{"line":47,"column":23},"end":{"line":47,"column":55}},"32":{"start":{"line":48,"column":4},"end":{"line":52,"column":5}},"33":{"start":{"line":49,"column":6},"end":{"line":49,"column":42}},"34":{"start":{"line":51,"column":6},"end":{"line":51,"column":37}},"35":{"start":{"line":54,"column":4},"end":{"line":54,"column":37}},"36":{"start":{"line":55,"column":4},"end":{"line":55,"column":49}},"37":{"start":{"line":57,"column":4},"end":{"line":57,"column":121}},"38":{"start":{"line":59,"column":4},"end":{"line":59,"column":51}},"39":{"start":{"line":63,"column":14},"end":{"line":73,"column":1}},"40":{"start":{"line":64,"column":30},"end":{"line":64,"column":38}},"41":{"start":{"line":65,"column":15},"end":{"line":65,"column":44}},"42":{"start":{"line":66,"column":2},"end":{"line":66,"column":90}},"43":{"start":{"line":66,"column":31},"end":{"line":66,"column":90}},"44":{"start":{"line":68,"column":18},"end":{"line":68,"column":63}},"45":{"start":{"line":69,"column":2},"end":{"line":69,"column":83}},"46":{"start":{"line":69,"column":16},"end":{"line":69,"column":83}},"47":{"start":{"line":71,"column":16},"end":{"line":71,"column":104}},"48":{"start":{"line":72,"column":2},"end":{"line":72,"column":22}},"49":{"start":{"line":75,"column":16},"end":{"line":94,"column":1}},"50":{"start":{"line":76,"column":20},"end":{"line":76,"column":28}},"51":{"start":{"line":77,"column":15},"end":{"line":77,"column":44}},"52":{"start":{"line":78,"column":2},"end":{"line":78,"column":80}},"53":{"start":{"line":78,"column":13},"end":{"line":78,"column":80}},"54":{"start":{"line":80,"column":14},"end":{"line":80,"column":27}},"55":{"start":{"line":81,"column":2},"end":{"line":81,"column":17}},"56":{"start":{"line":82,"column":2},"end":{"line":82,"column":58}},"57":{"start":{"line":83,"column":2},"end":{"line":83,"column":20}},"58":{"start":{"line":85,"column":21},"end":{"line":85,"column":53}},"59":{"start":{"line":86,"column":2},"end":{"line":90,"column":3}},"60":{"start":{"line":87,"column":4},"end":{"line":87,"column":40}},"61":{"start":{"line":89,"column":4},"end":{"line":89,"column":35}},"62":{"start":{"line":92,"column":2},"end":{"line":92,"column":40}},"63":{"start":{"line":93,"column":2},"end":{"line":93,"column":39}},"64":{"start":{"line":96,"column":18},"end":{"line":107,"column":1}},"65":{"start":{"line":97,"column":32},"end":{"line":97,"column":40}},"66":{"start":{"line":98,"column":16},"end":{"line":98,"column":45}},"67":{"start":{"line":99,"column":15},"end":{"line":99,"column":40}},"68":{"start":{"line":100,"column":2},"end":{"line":102,"column":3}},"69":{"start":{"line":101,"column":4},"end":{"line":101,"column":71}},"70":{"start":{"line":103,"column":2},"end":{"line":103,"column":25}},"71":{"start":{"line":104,"column":2},"end":{"line":104,"column":18}},"72":{"start":{"line":105,"column":2},"end":{"line":105,"column":20}},"73":{"start":{"line":106,"column":2},"end":{"line":106,"column":48}},"74":{"start":{"line":109,"column":22},"end":{"line":122,"column":1}},"75":{"start":{"line":110,"column":38},"end":{"line":110,"column":46}},"76":{"start":{"line":111,"column":15},"end":{"line":111,"column":44}},"77":{"start":{"line":112,"column":2},"end":{"line":114,"column":3}},"78":{"start":{"line":113,"column":4},"end":{"line":113,"column":71}},"79":{"start":{"line":116,"column":25},"end":{"line":116,"column":59}},"80":{"start":{"line":117,"column":2},"end":{"line":117,"column":33}},"81":{"start":{"line":118,"column":2},"end":{"line":118,"column":18}},"82":{"start":{"line":119,"column":2},"end":{"line":119,"column":25}},"83":{"start":{"line":120,"column":2},"end":{"line":120,"column":20}},"84":{"start":{"line":121,"column":2},"end":{"line":121,"column":53}},"85":{"start":{"line":124,"column":20},"end":{"line":133,"column":1}},"86":{"start":{"line":125,"column":20},"end":{"line":125,"column":29}},"87":{"start":{"line":126,"column":15},"end":{"line":126,"column":56}},"88":{"start":{"line":127,"column":2},"end":{"line":127,"column":71}},"89":{"start":{"line":127,"column":13},"end":{"line":127,"column":71}},"90":{"start":{"line":129,"column":2},"end":{"line":129,"column":28}},"91":{"start":{"line":130,"column":2},"end":{"line":130,"column":25}},"92":{"start":{"line":131,"column":2},"end":{"line":131,"column":20}},"93":{"start":{"line":132,"column":2},"end":{"line":132,"column":53}},"94":{"start":{"line":135,"column":20},"end":{"line":142,"column":1}},"95":{"start":{"line":136,"column":2},"end":{"line":141,"column":3}},"96":{"start":{"line":137,"column":18},"end":{"line":137,"column":55}},"97":{"start":{"line":138,"column":4},"end":{"line":138,"column":20}},"98":{"start":{"line":140,"column":4},"end":{"line":140,"column":51}},"99":{"start":{"line":144,"column":20},"end":{"line":152,"column":1}},"100":{"start":{"line":145,"column":2},"end":{"line":151,"column":3}},"101":{"start":{"line":146,"column":17},"end":{"line":146,"column":71}},"102":{"start":{"line":147,"column":4},"end":{"line":147,"column":82}},"103":{"start":{"line":147,"column":15},"end":{"line":147,"column":82}},"104":{"start":{"line":148,"column":4},"end":{"line":148,"column":19}},"105":{"start":{"line":150,"column":4},"end":{"line":150,"column":51}},"106":{"start":{"line":154,"column":19},"end":{"line":171,"column":1}},"107":{"start":{"line":155,"column":2},"end":{"line":170,"column":3}},"108":{"start":{"line":156,"column":20},"end":{"line":156,"column":28}},"109":{"start":{"line":157,"column":4},"end":{"line":163,"column":5}},"110":{"start":{"line":158,"column":29},"end":{"line":158,"column":63}},"111":{"start":{"line":159,"column":6},"end":{"line":161,"column":7}},"112":{"start":{"line":160,"column":8},"end":{"line":160,"column":99}},"113":{"start":{"line":162,"column":6},"end":{"line":162,"column":65}},"114":{"start":{"line":165,"column":17},"end":{"line":165,"column":104}},"115":{"start":{"line":166,"column":4},"end":{"line":166,"column":82}},"116":{"start":{"line":166,"column":15},"end":{"line":166,"column":82}},"117":{"start":{"line":167,"column":4},"end":{"line":167,"column":19}},"118":{"start":{"line":169,"column":4},"end":{"line":169,"column":51}},"119":{"start":{"line":173,"column":19},"end":{"line":181,"column":1}},"120":{"start":{"line":174,"column":2},"end":{"line":180,"column":3}},"121":{"start":{"line":175,"column":17},"end":{"line":175,"column":60}},"122":{"start":{"line":176,"column":4},"end":{"line":176,"column":82}},"123":{"start":{"line":176,"column":15},"end":{"line":176,"column":82}},"124":{"start":{"line":177,"column":4},"end":{"line":177,"column":62}},"125":{"start":{"line":179,"column":4},"end":{"line":179,"column":51}},"126":{"start":{"line":183,"column":0},"end":{"line":194,"column":2}}},"fnMap":{"0":{"name":"validatePassword","decl":{"start":{"line":15,"column":9},"end":{"line":15,"column":25}},"loc":{"start":{"line":15,"column":36},"end":{"line":22,"column":1}},"line":15},"1":{"name":"(anonymous_1)","decl":{"start":{"line":24,"column":17},"end":{"line":24,"column":18}},"loc":{"start":{"line":24,"column":37},"end":{"line":61,"column":1}},"line":24},"2":{"name":"(anonymous_2)","decl":{"start":{"line":63,"column":14},"end":{"line":63,"column":15}},"loc":{"start":{"line":63,"column":34},"end":{"line":73,"column":1}},"line":63},"3":{"name":"(anonymous_3)","decl":{"start":{"line":75,"column":16},"end":{"line":75,"column":17}},"loc":{"start":{"line":75,"column":36},"end":{"line":94,"column":1}},"line":75},"4":{"name":"(anonymous_4)","decl":{"start":{"line":96,"column":18},"end":{"line":96,"column":19}},"loc":{"start":{"line":96,"column":38},"end":{"line":107,"column":1}},"line":96},"5":{"name":"(anonymous_5)","decl":{"start":{"line":109,"column":22},"end":{"line":109,"column":23}},"loc":{"start":{"line":109,"column":42},"end":{"line":122,"column":1}},"line":109},"6":{"name":"(anonymous_6)","decl":{"start":{"line":124,"column":20},"end":{"line":124,"column":21}},"loc":{"start":{"line":124,"column":40},"end":{"line":133,"column":1}},"line":124},"7":{"name":"(anonymous_7)","decl":{"start":{"line":135,"column":20},"end":{"line":135,"column":21}},"loc":{"start":{"line":135,"column":40},"end":{"line":142,"column":1}},"line":135},"8":{"name":"(anonymous_8)","decl":{"start":{"line":144,"column":20},"end":{"line":144,"column":21}},"loc":{"start":{"line":144,"column":40},"end":{"line":152,"column":1}},"line":144},"9":{"name":"(anonymous_9)","decl":{"start":{"line":154,"column":19},"end":{"line":154,"column":20}},"loc":{"start":{"line":154,"column":39},"end":{"line":171,"column":1}},"line":154},"10":{"name":"(anonymous_10)","decl":{"start":{"line":173,"column":19},"end":{"line":173,"column":20}},"loc":{"start":{"line":173,"column":39},"end":{"line":181,"column":1}},"line":173}},"branchMap":{"0":{"loc":{"start":{"line":17,"column":2},"end":{"line":17,"column":78}},"type":"if","locations":[{"start":{"line":17,"column":2},"end":{"line":17,"column":78}},{"start":{},"end":{}}],"line":17},"1":{"loc":{"start":{"line":18,"column":2},"end":{"line":18,"column":90}},"type":"if","locations":[{"start":{"line":18,"column":2},"end":{"line":18,"column":90}},{"start":{},"end":{}}],"line":18},"2":{"loc":{"start":{"line":19,"column":2},"end":{"line":19,"column":90}},"type":"if","locations":[{"start":{"line":19,"column":2},"end":{"line":19,"column":90}},{"start":{},"end":{}}],"line":19},"3":{"loc":{"start":{"line":20,"column":2},"end":{"line":20,"column":80}},"type":"if","locations":[{"start":{"line":20,"column":2},"end":{"line":20,"column":80}},{"start":{},"end":{}}],"line":20},"4":{"loc":{"start":{"line":28,"column":4},"end":{"line":30,"column":5}},"type":"if","locations":[{"start":{"line":28,"column":4},"end":{"line":30,"column":5}},{"start":{},"end":{}}],"line":28},"5":{"loc":{"start":{"line":33,"column":4},"end":{"line":33,"column":117}},"type":"if","locations":[{"start":{"line":33,"column":4},"end":{"line":33,"column":117}},{"start":{},"end":{}}],"line":33},"6":{"loc":{"start":{"line":48,"column":4},"end":{"line":52,"column":5}},"type":"if","locations":[{"start":{"line":48,"column":4},"end":{"line":52,"column":5}},{"start":{"line":50,"column":11},"end":{"line":52,"column":5}}],"line":48},"7":{"loc":{"start":{"line":66,"column":2},"end":{"line":66,"column":90}},"type":"if","locations":[{"start":{"line":66,"column":2},"end":{"line":66,"column":90}},{"start":{},"end":{}}],"line":66},"8":{"loc":{"start":{"line":66,"column":6},"end":{"line":66,"column":29}},"type":"binary-expr","locations":[{"start":{"line":66,"column":6},"end":{"line":66,"column":11}},{"start":{"line":66,"column":15},"end":{"line":66,"column":29}}],"line":66},"9":{"loc":{"start":{"line":69,"column":2},"end":{"line":69,"column":83}},"type":"if","locations":[{"start":{"line":69,"column":2},"end":{"line":69,"column":83}},{"start":{},"end":{}}],"line":69},"10":{"loc":{"start":{"line":78,"column":2},"end":{"line":78,"column":80}},"type":"if","locations":[{"start":{"line":78,"column":2},"end":{"line":78,"column":80}},{"start":{},"end":{}}],"line":78},"11":{"loc":{"start":{"line":86,"column":2},"end":{"line":90,"column":3}},"type":"if","locations":[{"start":{"line":86,"column":2},"end":{"line":90,"column":3}},{"start":{"line":88,"column":9},"end":{"line":90,"column":3}}],"line":86},"12":{"loc":{"start":{"line":98,"column":16},"end":{"line":98,"column":45}},"type":"cond-expr","locations":[{"start":{"line":98,"column":24},"end":{"line":98,"column":33}},{"start":{"line":98,"column":36},"end":{"line":98,"column":45}}],"line":98},"13":{"loc":{"start":{"line":100,"column":2},"end":{"line":102,"column":3}},"type":"if","locations":[{"start":{"line":100,"column":2},"end":{"line":102,"column":3}},{"start":{},"end":{}}],"line":100},"14":{"loc":{"start":{"line":100,"column":6},"end":{"line":100,"column":63}},"type":"binary-expr","locations":[{"start":{"line":100,"column":6},"end":{"line":100,"column":11}},{"start":{"line":100,"column":15},"end":{"line":100,"column":31}},{"start":{"line":100,"column":35},"end":{"line":100,"column":63}}],"line":100},"15":{"loc":{"start":{"line":112,"column":2},"end":{"line":114,"column":3}},"type":"if","locations":[{"start":{"line":112,"column":2},"end":{"line":114,"column":3}},{"start":{},"end":{}}],"line":112},"16":{"loc":{"start":{"line":112,"column":6},"end":{"line":112,"column":63}},"type":"binary-expr","locations":[{"start":{"line":112,"column":6},"end":{"line":112,"column":11}},{"start":{"line":112,"column":15},"end":{"line":112,"column":31}},{"start":{"line":112,"column":35},"end":{"line":112,"column":63}}],"line":112},"17":{"loc":{"start":{"line":127,"column":2},"end":{"line":127,"column":71}},"type":"if","locations":[{"start":{"line":127,"column":2},"end":{"line":127,"column":71}},{"start":{},"end":{}}],"line":127},"18":{"loc":{"start":{"line":147,"column":4},"end":{"line":147,"column":82}},"type":"if","locations":[{"start":{"line":147,"column":4},"end":{"line":147,"column":82}},{"start":{},"end":{}}],"line":147},"19":{"loc":{"start":{"line":157,"column":4},"end":{"line":163,"column":5}},"type":"if","locations":[{"start":{"line":157,"column":4},"end":{"line":163,"column":5}},{"start":{},"end":{}}],"line":157},"20":{"loc":{"start":{"line":159,"column":6},"end":{"line":161,"column":7}},"type":"if","locations":[{"start":{"line":159,"column":6},"end":{"line":161,"column":7}},{"start":{},"end":{}}],"line":159},"21":{"loc":{"start":{"line":166,"column":4},"end":{"line":166,"column":82}},"type":"if","locations":[{"start":{"line":166,"column":4},"end":{"line":166,"column":82}},{"start":{},"end":{}}],"line":166},"22":{"loc":{"start":{"line":176,"column":4},"end":{"line":176,"column":82}},"type":"if","locations":[{"start":{"line":176,"column":4},"end":{"line":176,"column":82}},{"start":{},"end":{}}],"line":176}},"s":{"0":1,"1":1,"2":1,"3":1,"4":1,"5":1,"6":1,"7":1,"8":0,"9":1,"10":0,"11":1,"12":0,"13":1,"14":0,"15":1,"16":1,"17":1,"18":1,"19":1,"20":1,"21":0,"22":1,"23":1,"24":0,"25":1,"26":1,"27":1,"28":1,"29":1,"30":1,"31":1,"32":1,"33":1,"34":0,"35":1,"36":1,"37":1,"38":0,"39":1,"40":1,"41":1,"42":1,"43":0,"44":1,"45":1,"46":1,"47":0,"48":0,"49":1,"50":2,"51":2,"52":2,"53":1,"54":1,"55":1,"56":1,"57":1,"58":1,"59":1,"60":1,"61":0,"62":1,"63":1,"64":1,"65":0,"66":0,"67":0,"68":0,"69":0,"70":0,"71":0,"72":0,"73":0,"74":1,"75":2,"76":2,"77":2,"78":1,"79":1,"80":1,"81":1,"82":1,"83":1,"84":1,"85":1,"86":1,"87":1,"88":1,"89":0,"90":1,"91":1,"92":1,"93":1,"94":1,"95":0,"96":0,"97":0,"98":0,"99":1,"100":0,"101":0,"102":0,"103":0,"104":0,"105":0,"106":1,"107":0,"108":0,"109":0,"110":0,"111":0,"112":0,"113":0,"114":0,"115":0,"116":0,"117":0,"118":0,"119":1,"120":0,"121":0,"122":0,"123":0,"124":0,"125":0,"126":1},"f":{"0":1,"1":1,"2":1,"3":2,"4":0,"5":2,"6":1,"7":0,"8":0,"9":0,"10":0},"b":{"0":[0,1],"1":[0,1],"2":[0,1],"3":[0,1],"4":[0,1],"5":[0,1],"6":[1,0],"7":[0,1],"8":[1,1],"9":[1,0],"10":[1,1],"11":[1,0],"12":[0,0],"13":[0,0],"14":[0,0,0],"15":[1,1],"16":[2,2,1],"17":[0,1],"18":[0,0],"19":[0,0],"20":[0,0],"21":[0,0],"22":[0,0]},"_coverageSchema":"1a1c01bbd47fc00a2c39e90264f33305004495a9","hash":"8307e04b47fabea1755870e0b17a90cfc3225f44"}
,"/Users/jesseikolobondenge/Documents/GitHub/Mboa Events/server/controllers/waitlist.controller.js": {"path":"/Users/jesseikolobondenge/Documents/GitHub/Mboa Events/server/controllers/waitlist.controller.js","statementMap":{"0":{"start":{"line":2,"column":17},"end":{"line":2,"column":55}},"1":{"start":{"line":3,"column":32},"end":{"line":3,"column":71}},"2":{"start":{"line":5,"column":22},"end":{"line":19,"column":1}},"3":{"start":{"line":6,"column":33},"end":{"line":6,"column":41}},"4":{"start":{"line":7,"column":2},"end":{"line":18,"column":3}},"5":{"start":{"line":8,"column":19},"end":{"line":8,"column":74}},"6":{"start":{"line":9,"column":4},"end":{"line":9,"column":86}},"7":{"start":{"line":9,"column":16},"end":{"line":9,"column":86}},"8":{"start":{"line":11,"column":18},"end":{"line":11,"column":54}},"9":{"start":{"line":12,"column":4},"end":{"line":12,"column":23}},"10":{"start":{"line":14,"column":4},"end":{"line":14,"column":62}},"11":{"start":{"line":15,"column":4},"end":{"line":15,"column":82}},"12":{"start":{"line":17,"column":4},"end":{"line":17,"column":51}},"13":{"start":{"line":21,"column":20},"end":{"line":28,"column":1}},"14":{"start":{"line":22,"column":2},"end":{"line":27,"column":3}},"15":{"start":{"line":23,"column":20},"end":{"line":23,"column":41}},"16":{"start":{"line":24,"column":4},"end":{"line":24,"column":34}},"17":{"start":{"line":26,"column":4},"end":{"line":26,"column":51}},"18":{"start":{"line":30,"column":0},"end":{"line":33,"column":2}}},"fnMap":{"0":{"name":"(anonymous_0)","decl":{"start":{"line":5,"column":22},"end":{"line":5,"column":23}},"loc":{"start":{"line":5,"column":42},"end":{"line":19,"column":1}},"line":5},"1":{"name":"(anonymous_1)","decl":{"start":{"line":21,"column":20},"end":{"line":21,"column":21}},"loc":{"start":{"line":21,"column":40},"end":{"line":28,"column":1}},"line":21}},"branchMap":{"0":{"loc":{"start":{"line":9,"column":4},"end":{"line":9,"column":86}},"type":"if","locations":[{"start":{"line":9,"column":4},"end":{"line":9,"column":86}},{"start":{},"end":{}}],"line":9}},"s":{"0":1,"1":1,"2":1,"3":0,"4":0,"5":0,"6":0,"7":0,"8":0,"9":0,"10":0,"11":0,"12":0,"13":1,"14":0,"15":0,"16":0,"17":0,"18":1},"f":{"0":0,"1":0},"b":{"0":[0,0]},"_coverageSchema":"1a1c01bbd47fc00a2c39e90264f33305004495a9","hash":"c567907e258370c3796ef02f901b1b4b9f57e926"}
,"/Users/jesseikolobondenge/Documents/GitHub/Mboa Events/server/models/activityLog.model.js": {"path":"/Users/jesseikolobondenge/Documents/GitHub/Mboa Events/server/models/activityLog.model.js","statementMap":{"0":{"start":{"line":2,"column":17},"end":{"line":2,"column":36}},"1":{"start":{"line":4,"column":26},"end":{"line":10,"column":2}},"2":{"start":{"line":12,"column":0},"end":{"line":12,"column":66}}},"fnMap":{},"branchMap":{},"s":{"0":1,"1":1,"2":1},"f":{},"b":{},"_coverageSchema":"1a1c01bbd47fc00a2c39e90264f33305004495a9","hash":"c51588014a103567cc5598d01a86c81b329d8dc9"}
,"/Users/jesseikolobondenge/Documents/GitHub/Mboa Events/server/models/user.model.js": {"path":"/Users/jesseikolobondenge/Documents/GitHub/Mboa Events/server/models/user.model.js","statementMap":{"0":{"start":{"line":2,"column":17},"end":{"line":2,"column":36}},"1":{"start":{"line":4,"column":19},"end":{"line":17,"column":24}},"2":{"start":{"line":20,"column":0},"end":{"line":20,"column":52}}},"fnMap":{},"branchMap":{},"s":{"0":1,"1":1,"2":1},"f":{},"b":{},"_coverageSchema":"1a1c01bbd47fc00a2c39e90264f33305004495a9","hash":"e3291146382d536b41b99de0caa0487b25bf59bc"}
,"/Users/jesseikolobondenge/Documents/GitHub/Mboa Events/server/models/waitlist.model.js": {"path":"/Users/jesseikolobondenge/Documents/GitHub/Mboa Events/server/models/waitlist.model.js","statementMap":{"0":{"start":{"line":2,"column":17},"end":{"line":2,"column":36}},"1":{"start":{"line":4,"column":23},"end":{"line":9,"column":2}},"2":{"start":{"line":11,"column":0},"end":{"line":11,"column":60}}},"fnMap":{},"branchMap":{},"s":{"0":1,"1":1,"2":1},"f":{},"b":{},"_coverageSchema":"1a1c01bbd47fc00a2c39e90264f33305004495a9","hash":"c6f1740118eebaa6584b599d123c6b9d9c82653c"}
,"/Users/jesseikolobondenge/Documents/GitHub/Mboa Events/server/routes/user.routes.js": {"path":"/Users/jesseikolobondenge/Documents/GitHub/Mboa Events/server/routes/user.routes.js","statementMap":{"0":{"start":{"line":1,"column":16},"end":{"line":1,"column":34}},"1":{"start":{"line":13,"column":4},"end":{"line":13,"column":48}},"2":{"start":{"line":14,"column":49},"end":{"line":14,"column":93}},"3":{"start":{"line":15,"column":28},"end":{"line":15,"column":75}},"4":{"start":{"line":17,"column":15},"end":{"line":17,"column":31}},"5":{"start":{"line":19,"column":0},"end":{"line":19,"column":35}},"6":{"start":{"line":20,"column":0},"end":{"line":20,"column":29}},"7":{"start":{"line":21,"column":0},"end":{"line":21,"column":34}},"8":{"start":{"line":22,"column":0},"end":{"line":22,"column":38}},"9":{"start":{"line":23,"column":0},"end":{"line":23,"column":46}},"10":{"start":{"line":24,"column":0},"end":{"line":24,"column":41}},"11":{"start":{"line":27,"column":0},"end":{"line":27,"column":52}},"12":{"start":{"line":28,"column":0},"end":{"line":28,"column":46}},"13":{"start":{"line":29,"column":0},"end":{"line":29,"column":104}},"14":{"start":{"line":30,"column":0},"end":{"line":30,"column":107}},"15":{"start":{"line":32,"column":0},"end":{"line":32,"column":24}}},"fnMap":{},"branchMap":{},"s":{"0":1,"1":1,"2":1,"3":1,"4":1,"5":1,"6":1,"7":1,"8":1,"9":1,"10":1,"11":1,"12":1,"13":1,"14":1,"15":1},"f":{},"b":{},"_coverageSchema":"1a1c01bbd47fc00a2c39e90264f33305004495a9","hash":"4c89f4ee1cfd42f726436b1c7102f28b5f0201c0"}
,"/Users/jesseikolobondenge/Documents/GitHub/Mboa Events/server/routes/waitlist.routes.js": {"path":"/Users/jesseikolobondenge/Documents/GitHub/Mboa Events/server/routes/waitlist.routes.js","statementMap":{"0":{"start":{"line":2,"column":16},"end":{"line":2,"column":34}},"1":{"start":{"line":3,"column":39},"end":{"line":3,"column":87}},"2":{"start":{"line":5,"column":15},"end":{"line":5,"column":31}},"3":{"start":{"line":7,"column":0},"end":{"line":7,"column":32}},"4":{"start":{"line":8,"column":0},"end":{"line":8,"column":29}},"5":{"start":{"line":10,"column":0},"end":{"line":10,"column":24}}},"fnMap":{},"branchMap":{},"s":{"0":1,"1":1,"2":1,"3":1,"4":1,"5":1},"f":{},"b":{},"_coverageSchema":"1a1c01bbd47fc00a2c39e90264f33305004495a9","hash":"614998addd553d7c500c899808fae10a30c571f0"}
,"/Users/jesseikolobondenge/Documents/GitHub/Mboa Events/server/services/email.service.js": {"path":"/Users/jesseikolobondenge/Documents/GitHub/Mboa Events/server/services/email.service.js","statementMap":{"0":{"start":{"line":3,"column":28},"end":{"line":5,"column":1}},"1":{"start":{"line":4,"column":2},"end":{"line":4,"column":103}},"2":{"start":{"line":7,"column":23},"end":{"line":9,"column":1}},"3":{"start":{"line":8,"column":2},"end":{"line":8,"column":56}},"4":{"start":{"line":11,"column":21},"end":{"line":13,"column":1}},"5":{"start":{"line":12,"column":2},"end":{"line":12,"column":54}},"6":{"start":{"line":15,"column":26},"end":{"line":17,"column":1}},"7":{"start":{"line":16,"column":2},"end":{"line":16,"column":59}},"8":{"start":{"line":19,"column":28},"end":{"line":22,"column":1}},"9":{"start":{"line":21,"column":2},"end":{"line":21,"column":29}},"10":{"start":{"line":24,"column":0},"end":{"line":30,"column":2}}},"fnMap":{"0":{"name":"(anonymous_0)","decl":{"start":{"line":3,"column":28},"end":{"line":3,"column":29}},"loc":{"start":{"line":3,"column":52},"end":{"line":5,"column":1}},"line":3},"1":{"name":"(anonymous_1)","decl":{"start":{"line":7,"column":23},"end":{"line":7,"column":24}},"loc":{"start":{"line":7,"column":45},"end":{"line":9,"column":1}},"line":7},"2":{"name":"(anonymous_2)","decl":{"start":{"line":11,"column":21},"end":{"line":11,"column":22}},"loc":{"start":{"line":11,"column":43},"end":{"line":13,"column":1}},"line":11},"3":{"name":"(anonymous_3)","decl":{"start":{"line":15,"column":26},"end":{"line":15,"column":27}},"loc":{"start":{"line":15,"column":48},"end":{"line":17,"column":1}},"line":15},"4":{"name":"(anonymous_4)","decl":{"start":{"line":19,"column":28},"end":{"line":19,"column":29}},"loc":{"start":{"line":19,"column":45},"end":{"line":22,"column":1}},"line":19}},"branchMap":{},"s":{"0":1,"1":1,"2":1,"3":2,"4":1,"5":0,"6":1,"7":2,"8":1,"9":2,"10":1},"f":{"0":1,"1":2,"2":0,"3":2,"4":2},"b":{},"_coverageSchema":"1a1c01bbd47fc00a2c39e90264f33305004495a9","hash":"2af8ea1e7352f1e21267252b5928d33993b46bb1"}
,"/Users/jesseikolobondenge/Documents/GitHub/Mboa Events/server/services/otp.service.js": {"path":"/Users/jesseikolobondenge/Documents/GitHub/Mboa Events/server/services/otp.service.js","statementMap":{"0":{"start":{"line":3,"column":20},"end":{"line":3,"column":80}},"1":{"start":{"line":3,"column":26},"end":{"line":3,"column":80}},"2":{"start":{"line":5,"column":0},"end":{"line":5,"column":33}}},"fnMap":{"0":{"name":"(anonymous_0)","decl":{"start":{"line":3,"column":20},"end":{"line":3,"column":21}},"loc":{"start":{"line":3,"column":26},"end":{"line":3,"column":80}},"line":3}},"branchMap":{},"s":{"0":1,"1":2,"2":1},"f":{"0":2},"b":{},"_coverageSchema":"1a1c01bbd47fc00a2c39e90264f33305004495a9","hash":"8746cf3786bc6d3b4489b3bd2bcce2b0c82022c3"}
}
